e:\source\fuss-in-space-client\fuss in space\x64\debug\vc143.pdb
e:\source\fuss-in-space-client\fuss in space\x64\debug\vc143.idb
e:\source\fuss-in-space-client\fuss in space\x64\debug\texturemanager.obj
e:\source\fuss-in-space-client\fuss in space\x64\debug\textbox.obj
e:\source\fuss-in-space-client\fuss in space\x64\debug\spriteorganizer.obj
e:\source\fuss-in-space-client\fuss in space\x64\debug\sprite.obj
e:\source\fuss-in-space-client\fuss in space\x64\debug\mousetracking.obj
e:\source\fuss-in-space-client\fuss in space\x64\debug\main.obj
e:\source\fuss-in-space-client\fuss in space\x64\debug\inputhandler.obj
e:\source\fuss-in-space-client\fuss in space\x64\debug\gamecontainer.obj
e:\source\fuss-in-space-client\fuss in space\x64\debug\game.obj
e:\source\fuss-in-space-client\fuss in space\x64\debug\fontmanager.obj
e:\source\fuss-in-space-client\fuss in space\x64\debug\defines.obj
e:\source\fuss-in-space-client\fuss in space\x64\debug\container.obj
e:\source\fuss-in-space-client\fuss in space\x64\debug\client.obj
e:\source\fuss-in-space-client\fuss in space\x64\debug\button.obj
e:\source\fuss-in-space-client\x64\debug\fuss in space.exe
e:\source\fuss-in-space-client\x64\debug\fuss in space.pdb
e:\source\fuss-in-space-client\fuss in space\x64\debug\fuss in space.tlog\cl.command.1.tlog
e:\source\fuss-in-space-client\fuss in space\x64\debug\fuss in space.tlog\cl.read.1.tlog
e:\source\fuss-in-space-client\fuss in space\x64\debug\fuss in space.tlog\cl.write.1.tlog
e:\source\fuss-in-space-client\fuss in space\x64\debug\fuss in space.tlog\link.command.1.tlog
e:\source\fuss-in-space-client\fuss in space\x64\debug\fuss in space.tlog\link.read.1.tlog
e:\source\fuss-in-space-client\fuss in space\x64\debug\fuss in space.tlog\link.write.1.tlog
