e:\source\visual studio repos\sdl solution\fuss in space\x64\release\vc143.pdb
e:\source\visual studio repos\sdl solution\fuss in space\x64\release\texturemanager.obj
e:\source\visual studio repos\sdl solution\fuss in space\x64\release\textbox.obj
e:\source\visual studio repos\sdl solution\fuss in space\x64\release\spriteorganizer.obj
e:\source\visual studio repos\sdl solution\fuss in space\x64\release\sprite.obj
e:\source\visual studio repos\sdl solution\fuss in space\x64\release\mousetracking.obj
e:\source\visual studio repos\sdl solution\fuss in space\x64\release\main.obj
e:\source\visual studio repos\sdl solution\fuss in space\x64\release\inputhandler.obj
e:\source\visual studio repos\sdl solution\fuss in space\x64\release\gamecontainer.obj
e:\source\visual studio repos\sdl solution\fuss in space\x64\release\game.obj
e:\source\visual studio repos\sdl solution\fuss in space\x64\release\fontmanager.obj
e:\source\visual studio repos\sdl solution\fuss in space\x64\release\defines.obj
e:\source\visual studio repos\sdl solution\fuss in space\x64\release\container.obj
e:\source\visual studio repos\sdl solution\fuss in space\x64\release\client.obj
e:\source\visual studio repos\sdl solution\fuss in space\x64\release\button.obj
e:\source\visual studio repos\sdl solution\x64\release\fuss in space.exe
e:\source\visual studio repos\sdl solution\fuss in space\x64\release\fuss in space.ipdb
e:\source\visual studio repos\sdl solution\x64\release\fuss in space.pdb
e:\source\visual studio repos\sdl solution\fuss in space\x64\release\fuss in space.iobj
e:\source\visual studio repos\sdl solution\fuss in space\x64\release\fuss in space.tlog\cl.command.1.tlog
e:\source\visual studio repos\sdl solution\fuss in space\x64\release\fuss in space.tlog\cl.read.1.tlog
e:\source\visual studio repos\sdl solution\fuss in space\x64\release\fuss in space.tlog\cl.write.1.tlog
e:\source\visual studio repos\sdl solution\fuss in space\x64\release\fuss in space.tlog\link.command.1.tlog
e:\source\visual studio repos\sdl solution\fuss in space\x64\release\fuss in space.tlog\link.read.1.tlog
e:\source\visual studio repos\sdl solution\fuss in space\x64\release\fuss in space.tlog\link.write.1.tlog
